安庆, 安徽, 25.0
蚌埠, 安徽, 25.0
亳州, 安徽, 25.0
池州, 安徽, 25.0
滁州, 安徽, 25.0
阜阳, 安徽, 25.0
合肥, 安徽, 25.0
淮北, 安徽, 25.0
淮南, 安徽, 25.0
黄山, 安徽, 25.0
六安, 安徽, 25.0
马鞍山, 安徽, 25.0
铜陵, 安徽, 25.0
芜湖, 安徽, 25.0
宿州, 安徽, 25.0
宣城, 安徽, 25.0
北京, 北京, 1.0
大连, 大连, 7.0
东莞, 东莞, 38.0
佛山, 佛山, 36.0
福州, 福建, 13.0
龙岩, 福建, 13.0
南平, 福建, 13.0
宁德, 福建, 13.0
莆田, 福建, 13.0
三明, 福建, 13.0
漳州, 福建, 13.0
白银, 甘肃, 34.0
定西, 甘肃, 34.0
甘南藏族自治州, 甘肃, 34.0
嘉峪关, 甘肃, 34.0
金昌, 甘肃, 34.0
酒泉, 甘肃, 34.0
兰州, 甘肃, 34.0
临夏回族自治州, 甘肃, 34.0
陇南, 甘肃, 34.0
平凉, 甘肃, 34.0
庆阳, 甘肃, 34.0
天水, 甘肃, 34.0
武威, 甘肃, 34.0
张掖, 甘肃, 34.0
潮州, 广东, 4.0
东沙群岛, 广东, 4.0
广州, 广东, 4.0
河源, 广东, 4.0
江门, 广东, 4.0
揭阳, 广东, 4.0
茂名, 广东, 4.0
梅州, 广东, 4.0
清远, 广东, 4.0
汕头, 广东, 4.0
汕尾, 广东, 4.0
韶关, 广东, 4.0
阳江, 广东, 4.0
云浮, 广东, 4.0
湛江, 广东, 4.0
肇庆, 广东, 4.0
中山, 广东, 4.0
珠海, 广东, 4.0
百色, 广西, 14.0
北海, 广西, 14.0
崇左, 广西, 14.0
防城港, 广西, 14.0
贵港, 广西, 14.0
桂林, 广西, 14.0
河池, 广西, 14.0
贺州, 广西, 14.0
来宾, 广西, 14.0
柳州, 广西, 14.0
南宁, 广西, 14.0
钦州, 广西, 14.0
梧州, 广西, 14.0
玉林, 广西, 14.0
安顺, 贵州, 35.0
毕节, 贵州, 35.0
贵阳, 贵州, 35.0
六盘水, 贵州, 35.0
黔东南苗族侗族自治州, 贵州, 35.0
黔南布依族苗族自治州, 贵州, 35.0
黔西南布依族苗族自治州, 贵州, 35.0
铜仁, 贵州, 35.0
遵义, 贵州, 35.0
白沙黎族自治县, 海南, 15.0
保亭黎族苗族自治县, 海南, 15.0
昌江黎族自治县, 海南, 15.0
澄迈县, 海南, 15.0
儋州, 海南, 15.0
定安县, 海南, 15.0
东方市, 海南, 15.0
海口, 海南, 15.0
乐东黎族自治县, 海南, 15.0
临高县, 海南, 15.0
陵水黎族自治县, 海南, 15.0
琼海市, 海南, 15.0
琼中黎族苗族自治县, 海南, 15.0
三沙, 海南, 15.0
三亚, 海南, 15.0
屯昌县, 海南, 15.0
万宁市, 海南, 15.0
文昌市, 海南, 15.0
五指山市, 海南, 15.0
保定, 河北, 24.0
沧州, 河北, 24.0
承德, 河北, 24.0
邯郸, 河北, 24.0
衡水, 河北, 24.0
廊坊, 河北, 24.0
秦皇岛, 河北, 24.0
石家庄, 河北, 24.0
唐山, 河北, 24.0
邢台, 河北, 24.0
张家口, 河北, 24.0
安阳, 河南北部, 32.0
鹤壁, 河南北部, 32.0
济源市, 河南北部, 32.0
焦作, 河南北部, 32.0
开封, 河南北部, 32.0
洛阳, 河南北部, 32.0
濮阳, 河南北部, 32.0
三门峡, 河南北部, 32.0
新乡, 河南北部, 32.0
郑州, 河南北部, 32.0
漯河, 河南南部, 39.0
南阳, 河南南部, 39.0
平顶山, 河南南部, 39.0
商丘, 河南南部, 39.0
信阳, 河南南部, 39.0
许昌, 河南南部, 39.0
周口, 河南南部, 39.0
驻马店, 河南南部, 39.0
大庆, 黑龙江, 19.0
大兴安岭地区, 黑龙江, 19.0
哈尔滨, 黑龙江, 19.0
鹤岗, 黑龙江, 19.0
黑河, 黑龙江, 19.0
鸡西, 黑龙江, 19.0
佳木斯, 黑龙江, 19.0
牡丹江, 黑龙江, 19.0
七台河, 黑龙江, 19.0
齐齐哈尔, 黑龙江, 19.0
双鸭山, 黑龙江, 19.0
绥化, 黑龙江, 19.0
伊春, 黑龙江, 19.0
鄂州, 湖北, 9.0
恩施土家族苗族自治州, 湖北, 9.0
黄冈, 湖北, 9.0
黄石, 湖北, 9.0
荆门, 湖北, 9.0
荆州, 湖北, 9.0
潜江市, 湖北, 9.0
神农架林区, 湖北, 9.0
十堰, 湖北, 9.0
随州, 湖北, 9.0
天门市, 湖北, 9.0
武汉, 湖北, 9.0
仙桃市, 湖北, 9.0
咸宁, 湖北, 9.0
襄阳, 湖北, 9.0
孝感, 湖北, 9.0
宜昌, 湖北, 9.0
常德, 湖南, 20.0
郴州, 湖南, 20.0
衡阳, 湖南, 20.0
怀化, 湖南, 20.0
娄底, 湖南, 20.0
邵阳, 湖南, 20.0
湘潭, 湖南, 20.0
湘西土家族苗族自治州, 湖南, 20.0
益阳, 湖南, 20.0
永州, 湖南, 20.0
岳阳, 湖南, 20.0
张家界, 湖南, 20.0
长沙, 湖南, 20.0
株洲, 湖南, 20.0
惠州, 惠州, 43.0
白城, 吉林, 8.0
白山, 吉林, 8.0
吉林, 吉林, 8.0
辽源, 吉林, 8.0
四平, 吉林, 8.0
松原, 吉林, 8.0
通化, 吉林, 8.0
延边朝鲜族自治州, 吉林, 8.0
长春, 吉林, 8.0
德州, 济南, 21.0
菏泽, 济南, 21.0
济南, 济南, 21.0
济宁, 济南, 21.0
莱芜, 济南, 21.0
聊城, 济南, 21.0
泰安, 济南, 21.0
枣庄, 济南, 21.0
常州, 江苏, 10.0
淮安, 江苏, 10.0
连云港, 江苏, 10.0
南京, 江苏, 10.0
泰州, 江苏, 10.0
宿迁, 江苏, 10.0
徐州, 江苏, 10.0
盐城, 江苏, 10.0
扬州, 江苏, 10.0
镇江, 江苏, 10.0
抚州, 江西, 22.0
赣州, 江西, 22.0
吉安, 江西, 22.0
景德镇, 江西, 22.0
九江, 江西, 22.0
南昌, 江西, 22.0
萍乡, 江西, 22.0
上饶, 江西, 22.0
新余, 江西, 22.0
宜春, 江西, 22.0
鹰潭, 江西, 22.0
鞍山, 辽宁, 6.0
本溪, 辽宁, 6.0
朝阳, 辽宁, 6.0
丹东, 辽宁, 6.0
抚顺, 辽宁, 6.0
阜新, 辽宁, 6.0
葫芦岛, 辽宁, 6.0
锦州, 辽宁, 6.0
辽阳, 辽宁, 6.0
盘锦, 辽宁, 6.0
沈阳, 辽宁, 6.0
铁岭, 辽宁, 6.0
营口, 辽宁, 6.0
南通, 南通, 37.0
阿拉善盟, 内蒙古, 31.0
巴彦淖尔, 内蒙古, 31.0
包头, 内蒙古, 31.0
赤峰, 内蒙古, 31.0
鄂尔多斯, 内蒙古, 31.0
呼和浩特, 内蒙古, 31.0
呼伦贝尔, 内蒙古, 31.0
通辽, 内蒙古, 31.0
乌海, 内蒙古, 31.0
乌兰察布, 内蒙古, 31.0
锡林郭勒盟, 内蒙古, 31.0
兴安盟, 内蒙古, 31.0
宁波, 宁波, 29.0
固原, 宁夏, 28.0
石嘴山, 宁夏, 28.0
吴忠, 宁夏, 28.0
银川, 宁夏, 28.0
中卫, 宁夏, 28.0
滨州, 青岛, 11.0
东营, 青岛, 11.0
临沂, 青岛, 11.0
青岛, 青岛, 11.0
日照, 青岛, 11.0
威海, 青岛, 11.0
潍坊, 青岛, 11.0
淄博, 青岛, 11.0
果洛藏族自治州, 青海, 27.0
海北藏族自治州, 青海, 27.0
海东, 青海, 27.0
海南藏族自治州, 青海, 27.0
海西蒙古族藏族自治州, 青海, 27.0
黄南藏族自治州, 青海, 27.0
西宁, 青海, 27.0
玉树藏族自治州, 青海, 27.0
泉州, 泉州, 42.0
厦门, 厦门, 30.0
大同, 山西, 33.0
晋城, 山西, 33.0
晋中, 山西, 33.0
临汾, 山西, 33.0
吕梁, 山西, 33.0
朔州, 山西, 33.0
太原, 山西, 33.0
忻州, 山西, 33.0
阳泉, 山西, 33.0
运城, 山西, 33.0
长治, 山西, 33.0
安康, 陕西, 17.0
宝鸡, 陕西, 17.0
汉中, 陕西, 17.0
商洛, 陕西, 17.0
铜川, 陕西, 17.0
渭南, 陕西, 17.0
西安, 陕西, 17.0
咸阳, 陕西, 17.0
延安, 陕西, 17.0
榆林, 陕西, 17.0
上海, 上海, 2.0
深圳, 深圳, 5.0
阿坝藏族羌族自治州, 四川, 26.0
巴中, 四川, 26.0
成都, 四川, 26.0
达州, 四川, 26.0
德阳, 四川, 26.0
甘孜藏族自治州, 四川, 26.0
广安, 四川, 26.0
广元, 四川, 26.0
乐山, 四川, 26.0
凉山彝族自治州, 四川, 26.0
泸州, 四川, 26.0
眉山, 四川, 26.0
绵阳, 四川, 26.0
南充, 四川, 26.0
内江, 四川, 26.0
攀枝花, 四川, 26.0
遂宁, 四川, 26.0
雅安, 四川, 26.0
宜宾, 四川, 26.0
资阳, 四川, 26.0
自贡, 四川, 26.0
苏州, 苏州, 40.0
天津, 天津, 3.0
温州, 温州, 45.0
无锡, 无锡, 41.0
阿克苏地区, 新疆, 23.0
阿拉尔市, 新疆, 23.0
阿勒泰地区, 新疆, 23.0
北屯市, 新疆, 23.0
博尔塔拉蒙古自治州, 新疆, 23.0
昌吉回族自治州, 新疆, 23.0
哈密, 新疆, 23.0
和田地区, 新疆, 23.0
喀什地区, 新疆, 23.0
可克达拉市, 新疆, 23.0
克拉玛依, 新疆, 23.0
克孜勒苏柯尔克孜自治州, 新疆, 23.0
昆玉市, 新疆, 23.0
石河子市, 新疆, 23.0
双河市, 新疆, 23.0
塔城地区, 新疆, 23.0
铁门关市, 新疆, 23.0
图木舒克市, 新疆, 23.0
吐鲁番, 新疆, 23.0
乌鲁木齐, 新疆, 23.0
五家渠市, 新疆, 23.0
伊犁哈萨克自治州, 新疆, 23.0
烟台, 烟台, 44.0
保山, 云南, 16.0
楚雄彝族自治州, 云南, 16.0
大理白族自治州, 云南, 16.0
德宏傣族景颇族自治州, 云南, 16.0
迪庆藏族自治州, 云南, 16.0
红河哈尼族彝族自治州, 云南, 16.0
昆明, 云南, 16.0
丽江, 云南, 16.0
临沧, 云南, 16.0
怒江傈僳族自治州, 云南, 16.0
普洱, 云南, 16.0
曲靖, 云南, 16.0
文山壮族苗族自治州, 云南, 16.0
西双版纳傣族自治州, 云南, 16.0
玉溪, 云南, 16.0
昭通, 云南, 16.0
杭州, 浙江, 12.0
湖州, 浙江, 12.0
嘉兴, 浙江, 12.0
金华, 浙江, 12.0
丽水, 浙江, 12.0
衢州, 浙江, 12.0
绍兴, 浙江, 12.0
台州, 浙江, 12.0
舟山, 浙江, 12.0
重庆, 重庆, 18.0
重庆郊县, 重庆, 18.0
